This file contains any messages produced by compilers while
running configure, to aid debugging if configure makes a mistake.

It was created by clutter-gtk configure 0.11.3, which was
generated by GNU Autoconf 2.69.  Invocation command line was

  $ ./configure --enable-introspection=yes --prefix=/usr

## --------- ##
## Platform. ##
## --------- ##

hostname = OrangePI
uname -m = armv7l
uname -r = 3.4.39-02-lobo
uname -s = Linux
uname -v = #1 SMP PREEMPT Tue Nov 10 10:37:50 CET 2015

/usr/bin/uname -p = unknown
/bin/uname -X     = unknown

/bin/arch              = unknown
/usr/bin/arch -k       = unknown
/usr/convex/getsysinfo = unknown
/usr/bin/hostinfo      = unknown
/bin/machine           = unknown
/usr/bin/oslevel       = unknown
/bin/universe          = unknown

PATH: /home/orangepi/bin
PATH: /usr/local/sbin
PATH: /usr/local/bin
PATH: /usr/sbin
PATH: /usr/bin
PATH: /sbin
PATH: /bin
PATH: /usr/games
PATH: /usr/local/games


## ----------- ##
## Core tests. ##
## ----------- ##

configure:2264: checking for a BSD-compatible install
configure:2332: result: /usr/bin/install -c
configure:2343: checking whether build environment is sane
configure:2398: result: yes
configure:2549: checking for a thread-safe mkdir -p
configure:2588: result: /bin/mkdir -p
configure:2595: checking for gawk
configure:2611: found /usr/bin/gawk
configure:2622: result: gawk
configure:2633: checking whether make sets $(MAKE)
configure:2655: result: yes
configure:2684: checking whether make supports nested variables
configure:2701: result: yes
configure:2830: checking whether make supports nested variables
configure:2847: result: yes
configure:2900: checking for style of include used by make
configure:2928: result: GNU
configure:2999: checking for gcc
configure:3015: found /usr/bin/gcc
configure:3026: result: gcc
configure:3255: checking for C compiler version
configure:3264: gcc --version >&5
gcc (Ubuntu/Linaro 4.9.2-10ubuntu13) 4.9.2
Copyright (C) 2014 Free Software Foundation, Inc.
This is free software; see the source for copying conditions.  There is NO
warranty; not even for MERCHANTABILITY or FITNESS FOR A PARTICULAR PURPOSE.

configure:3275: $? = 0
configure:3264: gcc -v >&5
Using built-in specs.
COLLECT_GCC=gcc
COLLECT_LTO_WRAPPER=/usr/lib/gcc/arm-linux-gnueabihf/4.9/lto-wrapper
Target: arm-linux-gnueabihf
Configured with: ../src/configure -v --with-pkgversion='Ubuntu/Linaro 4.9.2-10ubuntu13' --with-bugurl=file:///usr/share/doc/gcc-4.9/README.Bugs --enable-languages=c,c++,java,go,d,fortran,objc,obj-c++ --prefix=/usr --program-suffix=-4.9 --enable-shared --enable-linker-build-id --libexecdir=/usr/lib --without-included-gettext --enable-threads=posix --with-gxx-include-dir=/usr/include/c++/4.9 --libdir=/usr/lib --enable-nls --with-sysroot=/ --enable-clocale=gnu --enable-libstdcxx-debug --enable-libstdcxx-time=yes --enable-gnu-unique-object --disable-libitm --disable-libquadmath --enable-plugin --with-system-zlib --disable-browser-plugin --enable-java-awt=gtk --enable-gtk-cairo --with-java-home=/usr/lib/jvm/java-1.5.0-gcj-4.9-armhf/jre --enable-java-home --with-jvm-root-dir=/usr/lib/jvm/java-1.5.0-gcj-4.9-armhf --with-jvm-jar-dir=/usr/lib/jvm-exports/java-1.5.0-gcj-4.9-armhf --with-arch-directory=arm --with-ecj-jar=/usr/share/java/eclipse-ecj.jar --enable-objc-gc --enable-multiarch --enable-multilib --disable-sjlj-exceptions --with-arch=armv7-a --with-fpu=vfpv3-d16 --with-float=hard --with-mode=thumb --disable-werror --enable-multilib --enable-checking=release --build=arm-linux-gnueabihf --host=arm-linux-gnueabihf --target=arm-linux-gnueabihf
Thread model: posix
gcc version 4.9.2 (Ubuntu/Linaro 4.9.2-10ubuntu13) 
configure:3275: $? = 0
configure:3264: gcc -V >&5
gcc: error: unrecognized command line option '-V'
gcc: fatal error: no input files
compilation terminated.
configure:3275: $? = 4
configure:3264: gcc -qversion >&5
gcc: error: unrecognized command line option '-qversion'
gcc: fatal error: no input files
compilation terminated.
configure:3275: $? = 4
configure:3295: checking whether the C compiler works
configure:3317: gcc    conftest.c  >&5
configure:3321: $? = 0
configure:3369: result: yes
configure:3372: checking for C compiler default output file name
configure:3374: result: a.out
configure:3380: checking for suffix of executables
configure:3387: gcc -o conftest    conftest.c  >&5
configure:3391: $? = 0
configure:3413: result: 
configure:3435: checking whether we are cross compiling
configure:3443: gcc -o conftest    conftest.c  >&5
configure:3447: $? = 0
configure:3454: ./conftest
configure:3458: $? = 0
configure:3473: result: no
configure:3478: checking for suffix of object files
configure:3500: gcc -c   conftest.c >&5
configure:3504: $? = 0
configure:3525: result: o
configure:3529: checking whether we are using the GNU C compiler
configure:3548: gcc -c   conftest.c >&5
configure:3548: $? = 0
configure:3557: result: yes
configure:3566: checking whether gcc accepts -g
configure:3586: gcc -c -g  conftest.c >&5
configure:3586: $? = 0
configure:3627: result: yes
configure:3644: checking for gcc option to accept ISO C89
configure:3707: gcc  -c -g -O2  conftest.c >&5
configure:3707: $? = 0
configure:3720: result: none needed
configure:3745: checking whether gcc understands -c and -o together
configure:3767: gcc -c conftest.c -o conftest2.o
configure:3770: $? = 0
configure:3767: gcc -c conftest.c -o conftest2.o
configure:3770: $? = 0
configure:3782: result: yes
configure:3801: checking dependency style of gcc
configure:3912: result: gcc3
configure:3960: checking build system type
configure:3974: result: armv7l-unknown-linux-gnueabihf
configure:3994: checking host system type
configure:4007: result: armv7l-unknown-linux-gnueabihf
configure:4048: checking how to print strings
configure:4075: result: printf
configure:4096: checking for a sed that does not truncate output
configure:4160: result: /bin/sed
configure:4178: checking for grep that handles long lines and -e
configure:4236: result: /bin/grep
configure:4241: checking for egrep
configure:4303: result: /bin/grep -E
configure:4308: checking for fgrep
configure:4370: result: /bin/grep -F
configure:4405: checking for ld used by gcc
configure:4472: result: /usr/bin/ld
configure:4479: checking if the linker (/usr/bin/ld) is GNU ld
configure:4494: result: yes
configure:4506: checking for BSD- or MS-compatible name lister (nm)
configure:4555: result: /usr/bin/nm -B
configure:4685: checking the name lister (/usr/bin/nm -B) interface
configure:4692: gcc -c -g -O2  conftest.c >&5
configure:4695: /usr/bin/nm -B "conftest.o"
configure:4698: output
00000000 B some_variable
configure:4705: result: BSD nm
configure:4708: checking whether ln -s works
configure:4715: result: no, using cp -pR
configure:4720: checking the maximum length of command line arguments
configure:4851: result: 1572864
configure:4868: checking whether the shell understands some XSI constructs
configure:4878: result: yes
configure:4882: checking whether the shell understands "+="
configure:4888: result: yes
configure:4923: checking how to convert armv7l-unknown-linux-gnueabihf file names to armv7l-unknown-linux-gnueabihf format
configure:4963: result: func_convert_file_noop
configure:4970: checking how to convert armv7l-unknown-linux-gnueabihf file names to toolchain format
configure:4990: result: func_convert_file_noop
configure:4997: checking for /usr/bin/ld option to reload object files
configure:5004: result: -r
configure:5078: checking for objdump
configure:5094: found /usr/bin/objdump
configure:5105: result: objdump
configure:5137: checking how to recognize dependent libraries
configure:5335: result: pass_all
configure:5420: checking for dlltool
configure:5450: result: no
configure:5480: checking how to associate runtime and link libraries
configure:5507: result: printf %s\n
configure:5568: checking for ar
configure:5584: found /usr/bin/ar
configure:5595: result: ar
configure:5632: checking for archiver @FILE support
configure:5649: gcc -c -g -O2  conftest.c >&5
configure:5649: $? = 0
configure:5652: ar cru libconftest.a @conftest.lst >&5
configure:5655: $? = 0
configure:5660: ar cru libconftest.a @conftest.lst >&5
ar: conftest.o: No such file or directory
configure:5663: $? = 1
configure:5675: result: @
configure:5733: checking for strip
configure:5749: found /usr/bin/strip
configure:5760: result: strip
configure:5832: checking for ranlib
configure:5848: found /usr/bin/ranlib
configure:5859: result: ranlib
configure:5961: checking command to parse /usr/bin/nm -B output from gcc object
configure:6081: gcc -c -g -O2  conftest.c >&5
configure:6084: $? = 0
configure:6088: /usr/bin/nm -B conftest.o \| sed -n -e 's/^.*[ ]\([ABCDGIRSTW][ABCDGIRSTW]*\)[ ][ ]*\([_A-Za-z][_A-Za-z0-9]*\)$/\1 \2 \2/p' | sed '/ __gnu_lto/d' \> conftest.nm
configure:6091: $? = 0
configure:6157: gcc -o conftest -g -O2   conftest.c conftstm.o >&5
configure:6160: $? = 0
configure:6198: result: ok
configure:6235: checking for sysroot
configure:6265: result: no
configure:6534: checking for mt
configure:6550: found /bin/mt
configure:6561: result: mt
configure:6584: checking if mt is a manifest tool
configure:6590: mt '-?'
configure:6598: result: no
configure:7240: checking how to run the C preprocessor
configure:7271: gcc -E  conftest.c
configure:7271: $? = 0
configure:7285: gcc -E  conftest.c
conftest.c:9:28: fatal error: ac_nonexistent.h: No such file or directory
 #include <ac_nonexistent.h>
                            ^
compilation terminated.
configure:7285: $? = 1
configure: failed program was:
| /* confdefs.h */
| #define PACKAGE_NAME "clutter-gtk"
| #define PACKAGE_TARNAME "clutter-gtk"
| #define PACKAGE_VERSION "0.11.3"
| #define PACKAGE_STRING "clutter-gtk 0.11.3"
| #define PACKAGE_BUGREPORT "http://bugzilla.clutter-project.org/enter_bug.cgi?product=clutter-gtk"
| #define PACKAGE_URL "http://www.clutter-project.org"
| /* end confdefs.h.  */
| #include <ac_nonexistent.h>
configure:7310: result: gcc -E
configure:7330: gcc -E  conftest.c
configure:7330: $? = 0
configure:7344: gcc -E  conftest.c
conftest.c:9:28: fatal error: ac_nonexistent.h: No such file or directory
 #include <ac_nonexistent.h>
                            ^
compilation terminated.
configure:7344: $? = 1
configure: failed program was:
| /* confdefs.h */
| #define PACKAGE_NAME "clutter-gtk"
| #define PACKAGE_TARNAME "clutter-gtk"
| #define PACKAGE_VERSION "0.11.3"
| #define PACKAGE_STRING "clutter-gtk 0.11.3"
| #define PACKAGE_BUGREPORT "http://bugzilla.clutter-project.org/enter_bug.cgi?product=clutter-gtk"
| #define PACKAGE_URL "http://www.clutter-project.org"
| /* end confdefs.h.  */
| #include <ac_nonexistent.h>
configure:7373: checking for ANSI C header files
configure:7393: gcc -c -g -O2  conftest.c >&5
configure:7393: $? = 0
configure:7466: gcc -o conftest -g -O2   conftest.c  >&5
configure:7466: $? = 0
configure:7466: ./conftest
configure:7466: $? = 0
configure:7477: result: yes
configure:7490: checking for sys/types.h
configure:7490: gcc -c -g -O2  conftest.c >&5
configure:7490: $? = 0
configure:7490: result: yes
configure:7490: checking for sys/stat.h
configure:7490: gcc -c -g -O2  conftest.c >&5
configure:7490: $? = 0
configure:7490: result: yes
configure:7490: checking for stdlib.h
configure:7490: gcc -c -g -O2  conftest.c >&5
configure:7490: $? = 0
configure:7490: result: yes
configure:7490: checking for string.h
configure:7490: gcc -c -g -O2  conftest.c >&5
configure:7490: $? = 0
configure:7490: result: yes
configure:7490: checking for memory.h
configure:7490: gcc -c -g -O2  conftest.c >&5
configure:7490: $? = 0
configure:7490: result: yes
configure:7490: checking for strings.h
configure:7490: gcc -c -g -O2  conftest.c >&5
configure:7490: $? = 0
configure:7490: result: yes
configure:7490: checking for inttypes.h
configure:7490: gcc -c -g -O2  conftest.c >&5
configure:7490: $? = 0
configure:7490: result: yes
configure:7490: checking for stdint.h
configure:7490: gcc -c -g -O2  conftest.c >&5
configure:7490: $? = 0
configure:7490: result: yes
configure:7490: checking for unistd.h
configure:7490: gcc -c -g -O2  conftest.c >&5
configure:7490: $? = 0
configure:7490: result: yes
configure:7504: checking for dlfcn.h
configure:7504: gcc -c -g -O2  conftest.c >&5
configure:7504: $? = 0
configure:7504: result: yes
configure:7709: checking for objdir
configure:7724: result: .libs
configure:7995: checking if gcc supports -fno-rtti -fno-exceptions
configure:8013: gcc -c -g -O2  -fno-rtti -fno-exceptions conftest.c >&5
cc1: warning: command line option '-fno-rtti' is valid for C++/ObjC++ but not for C
configure:8017: $? = 0
configure:8030: result: no
configure:8357: checking for gcc option to produce PIC
configure:8364: result: -fPIC -DPIC
configure:8372: checking if gcc PIC flag -fPIC -DPIC works
configure:8390: gcc -c -g -O2  -fPIC -DPIC -DPIC conftest.c >&5
configure:8394: $? = 0
configure:8407: result: yes
configure:8436: checking if gcc static flag -static works
configure:8464: result: yes
configure:8479: checking if gcc supports -c -o file.o
configure:8500: gcc -c -g -O2  -o out/conftest2.o conftest.c >&5
configure:8504: $? = 0
configure:8526: result: yes
configure:8534: checking if gcc supports -c -o file.o
configure:8581: result: yes
configure:8614: checking whether the gcc linker (/usr/bin/ld) supports shared libraries
configure:9771: result: yes
configure:9808: checking whether -lc should be explicitly linked in
configure:9816: gcc -c -g -O2  conftest.c >&5
configure:9819: $? = 0
configure:9834: gcc -shared  -fPIC -DPIC conftest.o  -v -Wl,-soname -Wl,conftest -o conftest 2\>\&1 \| /bin/grep  -lc  \>/dev/null 2\>\&1
configure:9837: $? = 0
configure:9851: result: no
configure:10011: checking dynamic linker characteristics
configure:10511: gcc -o conftest -g -O2   -Wl,-rpath -Wl,/foo conftest.c  >&5
configure:10511: $? = 0
configure:10745: result: GNU/Linux ld.so
configure:10852: checking how to hardcode library paths into programs
configure:10877: result: immediate
configure:11417: checking whether stripping libraries is possible
configure:11422: result: yes
configure:11457: checking if libtool supports shared libraries
configure:11459: result: yes
configure:11462: checking whether to build shared libraries
configure:11483: result: yes
configure:11486: checking whether to build static libraries
configure:11490: result: no
configure:11529: checking for ANSI C header files
configure:11633: result: yes
configure:11708: checking for pkg-config
configure:11726: found /usr/bin/pkg-config
configure:11738: result: /usr/bin/pkg-config
configure:11763: checking pkg-config is at least version 0.9.0
configure:11766: result: yes
configure:11782: checking for CLUTTER
configure:11789: $PKG_CONFIG --exists --print-errors "clutter-x11-1.0 >= 1.4.0"
configure:11792: $? = 0
configure:11806: $PKG_CONFIG --exists --print-errors "clutter-x11-1.0 >= 1.4.0"
configure:11809: $? = 0
configure:11867: result: yes
configure:11873: checking for GTK
configure:11880: $PKG_CONFIG --exists --print-errors "gtk+-2.0 >= 2.20.0"
configure:11883: $? = 0
configure:11897: $PKG_CONFIG --exists --print-errors "gtk+-2.0 >= 2.20.0"
configure:11900: $? = 0
configure:11958: result: yes
configure:12218: checking for supported compiler flags
configure:12235: gcc -c -g -O2 -g -Wall  conftest.c >&5
configure:12235: $? = 0
configure:12235: gcc -c -g -O2 -g -Wshadow  conftest.c >&5
configure:12235: $? = 0
configure:12235: gcc -c -g -O2 -g -Wcast-align  conftest.c >&5
configure:12235: $? = 0
configure:12235: gcc -c -g -O2 -g -Wuninitialized  conftest.c >&5
configure:12235: $? = 0
configure:12235: gcc -c -g -O2 -g -Wno-strict-aliasing  conftest.c >&5
configure:12235: $? = 0
configure:12235: gcc -c -g -O2 -g -Wempty-body  conftest.c >&5
configure:12235: $? = 0
configure:12235: gcc -c -g -O2 -g -Wformat  conftest.c >&5
configure:12235: $? = 0
configure:12235: gcc -c -g -O2 -g -Wformat-security  conftest.c >&5
configure:12235: $? = 0
configure:12235: gcc -c -g -O2 -g -Winit-self  conftest.c >&5
configure:12235: $? = 0
configure:12249: result:  -Wall -Wshadow -Wcast-align -Wuninitialized -Wno-strict-aliasing -Wempty-body -Wformat -Wformat-security -Winit-self
configure:12273: checking whether NLS is requested
configure:12282: result: yes
configure:12323: checking for msgfmt
configure: trying /usr/bin/msgfmt...
0 translated messages.
configure:12355: result: /usr/bin/msgfmt
configure:12364: checking for gmsgfmt
configure:12395: result: /usr/bin/msgfmt
configure:12446: checking for xgettext
configure: trying /usr/bin/xgettext...
/usr/bin/xgettext: warning: file '/dev/null' extension '' is unknown; will try C
configure:12478: result: /usr/bin/xgettext
configure:12524: checking for msgmerge
configure: trying /usr/bin/msgmerge...
configure:12555: result: /usr/bin/msgmerge
configure:12612: checking for ld used by GCC
configure:12676: result: /usr/bin/ld
configure:12683: checking if the linker (/usr/bin/ld) is GNU ld
configure:12696: result: yes
configure:12703: checking for shared library run path origin
configure:12716: result: done
configure:13288: checking for CFPreferencesCopyAppValue
configure:13306: gcc -o conftest -g -O2 -g   conftest.c  -Wl,-framework -Wl,CoreFoundation >&5
conftest.c:23:42: fatal error: CoreFoundation/CFPreferences.h: No such file or directory
 #include <CoreFoundation/CFPreferences.h>
                                          ^
compilation terminated.
configure:13306: $? = 1
configure: failed program was:
| /* confdefs.h */
| #define PACKAGE_NAME "clutter-gtk"
| #define PACKAGE_TARNAME "clutter-gtk"
| #define PACKAGE_VERSION "0.11.3"
| #define PACKAGE_STRING "clutter-gtk 0.11.3"
| #define PACKAGE_BUGREPORT "http://bugzilla.clutter-project.org/enter_bug.cgi?product=clutter-gtk"
| #define PACKAGE_URL "http://www.clutter-project.org"
| #define STDC_HEADERS 1
| #define HAVE_SYS_TYPES_H 1
| #define HAVE_SYS_STAT_H 1
| #define HAVE_STDLIB_H 1
| #define HAVE_STRING_H 1
| #define HAVE_MEMORY_H 1
| #define HAVE_STRINGS_H 1
| #define HAVE_INTTYPES_H 1
| #define HAVE_STDINT_H 1
| #define HAVE_UNISTD_H 1
| #define HAVE_DLFCN_H 1
| #define LT_OBJDIR ".libs/"
| #define STDC_HEADERS 1
| #define HAVE_CLUTTER_GTK_X11 1
| /* end confdefs.h.  */
| #include <CoreFoundation/CFPreferences.h>
| int
| main ()
| {
| CFPreferencesCopyAppValue(NULL, NULL)
|   ;
|   return 0;
| }
configure:13315: result: no
configure:13322: checking for CFLocaleCopyCurrent
configure:13340: gcc -o conftest -g -O2 -g   conftest.c  -Wl,-framework -Wl,CoreFoundation >&5
conftest.c:23:37: fatal error: CoreFoundation/CFLocale.h: No such file or directory
 #include <CoreFoundation/CFLocale.h>
                                     ^
compilation terminated.
configure:13340: $? = 1
configure: failed program was:
| /* confdefs.h */
| #define PACKAGE_NAME "clutter-gtk"
| #define PACKAGE_TARNAME "clutter-gtk"
| #define PACKAGE_VERSION "0.11.3"
| #define PACKAGE_STRING "clutter-gtk 0.11.3"
| #define PACKAGE_BUGREPORT "http://bugzilla.clutter-project.org/enter_bug.cgi?product=clutter-gtk"
| #define PACKAGE_URL "http://www.clutter-project.org"
| #define STDC_HEADERS 1
| #define HAVE_SYS_TYPES_H 1
| #define HAVE_SYS_STAT_H 1
| #define HAVE_STDLIB_H 1
| #define HAVE_STRING_H 1
| #define HAVE_MEMORY_H 1
| #define HAVE_STRINGS_H 1
| #define HAVE_INTTYPES_H 1
| #define HAVE_STDINT_H 1
| #define HAVE_UNISTD_H 1
| #define HAVE_DLFCN_H 1
| #define LT_OBJDIR ".libs/"
| #define STDC_HEADERS 1
| #define HAVE_CLUTTER_GTK_X11 1
| /* end confdefs.h.  */
| #include <CoreFoundation/CFLocale.h>
| int
| main ()
| {
| CFLocaleCopyCurrent();
|   ;
|   return 0;
| }
configure:13349: result: no
configure:13398: checking for GNU gettext in libc
configure:13418: gcc -o conftest -g -O2 -g   conftest.c  >&5
configure:13418: $? = 0
configure:13427: result: yes
configure:14218: checking whether to use NLS
configure:14220: result: yes
configure:14223: checking where the gettext function comes from
configure:14234: result: libc
configure:14300: checking for linguas
configure:14317: result: 
configure:14346: checking for gobject-introspection
configure:14355: $PKG_CONFIG --exists --print-errors "gobject-introspection-1.0"
configure:14358: $? = 0
configure:14365: $PKG_CONFIG --exists --print-errors "gobject-introspection-1.0 >= 0.9.12"
configure:14368: $? = 0
configure:14391: result: yes
configure:14541: checking that generated files are newer than configure
configure:14547: result: done
configure:14574: creating ./config.status

## ---------------------- ##
## Running config.status. ##
## ---------------------- ##

This file was extended by clutter-gtk config.status 0.11.3, which was
generated by GNU Autoconf 2.69.  Invocation command line was

  CONFIG_FILES    = 
  CONFIG_HEADERS  = 
  CONFIG_LINKS    = 
  CONFIG_COMMANDS = 
  $ ./config.status 

on OrangePI

config.status:1162: creating Makefile
config.status:1162: creating build/Makefile
config.status:1162: creating build/autotools/Makefile
config.status:1162: creating clutter-gtk/Makefile
config.status:1162: creating clutter-gtk/gtk-clutter-version.h
config.status:1162: creating examples/Makefile
config.status:1162: creating po/Makefile.in
config.status:1162: creating clutter-gtk.pc
config.status:1162: creating config.h
config.status:1343: config.h is unchanged
config.status:1391: executing depfiles commands
config.status:1391: executing libtool commands
config.status:1391: executing po-directories commands

## ---------------- ##
## Cache variables. ##
## ---------------- ##

ac_cv_build=armv7l-unknown-linux-gnueabihf
ac_cv_c_compiler_gnu=yes
ac_cv_env_CC_set=
ac_cv_env_CC_value=
ac_cv_env_CFLAGS_set=
ac_cv_env_CFLAGS_value=
ac_cv_env_CLUTTER_CFLAGS_set=
ac_cv_env_CLUTTER_CFLAGS_value=
ac_cv_env_CLUTTER_LIBS_set=
ac_cv_env_CLUTTER_LIBS_value=
ac_cv_env_CPPFLAGS_set=
ac_cv_env_CPPFLAGS_value=
ac_cv_env_CPP_set=
ac_cv_env_CPP_value=
ac_cv_env_GTK_CFLAGS_set=
ac_cv_env_GTK_CFLAGS_value=
ac_cv_env_GTK_LIBS_set=
ac_cv_env_GTK_LIBS_value=
ac_cv_env_LDFLAGS_set=
ac_cv_env_LDFLAGS_value=
ac_cv_env_LIBS_set=
ac_cv_env_LIBS_value=
ac_cv_env_PKG_CONFIG_LIBDIR_set=
ac_cv_env_PKG_CONFIG_LIBDIR_value=
ac_cv_env_PKG_CONFIG_PATH_set=
ac_cv_env_PKG_CONFIG_PATH_value=
ac_cv_env_PKG_CONFIG_set=
ac_cv_env_PKG_CONFIG_value=
ac_cv_env_build_alias_set=
ac_cv_env_build_alias_value=
ac_cv_env_host_alias_set=
ac_cv_env_host_alias_value=
ac_cv_env_target_alias_set=
ac_cv_env_target_alias_value=
ac_cv_header_dlfcn_h=yes
ac_cv_header_inttypes_h=yes
ac_cv_header_memory_h=yes
ac_cv_header_stdc=yes
ac_cv_header_stdint_h=yes
ac_cv_header_stdlib_h=yes
ac_cv_header_string_h=yes
ac_cv_header_strings_h=yes
ac_cv_header_sys_stat_h=yes
ac_cv_header_sys_types_h=yes
ac_cv_header_unistd_h=yes
ac_cv_host=armv7l-unknown-linux-gnueabihf
ac_cv_objext=o
ac_cv_path_EGREP='/bin/grep -E'
ac_cv_path_FGREP='/bin/grep -F'
ac_cv_path_GMSGFMT=/usr/bin/msgfmt
ac_cv_path_GREP=/bin/grep
ac_cv_path_MSGFMT=/usr/bin/msgfmt
ac_cv_path_MSGMERGE=/usr/bin/msgmerge
ac_cv_path_SED=/bin/sed
ac_cv_path_XGETTEXT=/usr/bin/xgettext
ac_cv_path_ac_pt_PKG_CONFIG=/usr/bin/pkg-config
ac_cv_path_install='/usr/bin/install -c'
ac_cv_path_mkdir=/bin/mkdir
ac_cv_prog_AWK=gawk
ac_cv_prog_CPP='gcc -E'
ac_cv_prog_ac_ct_AR=ar
ac_cv_prog_ac_ct_CC=gcc
ac_cv_prog_ac_ct_MANIFEST_TOOL=mt
ac_cv_prog_ac_ct_OBJDUMP=objdump
ac_cv_prog_ac_ct_RANLIB=ranlib
ac_cv_prog_ac_ct_STRIP=strip
ac_cv_prog_cc_c89=
ac_cv_prog_cc_g=yes
ac_cv_prog_make_make_set=yes
acl_cv_hardcode_direct=no
acl_cv_hardcode_libdir_flag_spec='${wl}-rpath ${wl}$libdir'
acl_cv_hardcode_libdir_separator=
acl_cv_hardcode_minus_L=no
acl_cv_libext=a
acl_cv_libname_spec='lib$name'
acl_cv_library_names_spec='$libname$shrext'
acl_cv_path_LD=/usr/bin/ld
acl_cv_prog_gnu_ld=yes
acl_cv_rpath=done
acl_cv_shlibext=so
acl_cv_wl=-Wl,
am_cv_CC_dependencies_compiler_type=gcc3
am_cv_make_support_nested_variables=yes
am_cv_prog_cc_c_o=yes
gt_cv_func_CFLocaleCopyCurrent=no
gt_cv_func_CFPreferencesCopyAppValue=no
gt_cv_func_gnugettext1_libc=yes
lt_cv_ar_at_file=@
lt_cv_archive_cmds_need_lc=no
lt_cv_deplibs_check_method=pass_all
lt_cv_file_magic_cmd='$MAGIC_CMD'
lt_cv_file_magic_test_file=
lt_cv_ld_reload_flag=-r
lt_cv_nm_interface='BSD nm'
lt_cv_objdir=.libs
lt_cv_path_LD=/usr/bin/ld
lt_cv_path_NM='/usr/bin/nm -B'
lt_cv_path_mainfest_tool=no
lt_cv_prog_compiler_c_o=yes
lt_cv_prog_compiler_pic='-fPIC -DPIC'
lt_cv_prog_compiler_pic_works=yes
lt_cv_prog_compiler_rtti_exceptions=no
lt_cv_prog_compiler_static_works=yes
lt_cv_prog_gnu_ld=yes
lt_cv_sharedlib_from_linklib_cmd='printf %s\n'
lt_cv_shlibpath_overrides_runpath=no
lt_cv_sys_global_symbol_pipe='sed -n -e '\''s/^.*[	 ]\([ABCDGIRSTW][ABCDGIRSTW]*\)[	 ][	 ]*\([_A-Za-z][_A-Za-z0-9]*\)$/\1 \2 \2/p'\'' | sed '\''/ __gnu_lto/d'\'''
lt_cv_sys_global_symbol_to_c_name_address='sed -n -e '\''s/^: \([^ ]*\)[ ]*$/  {\"\1\", (void *) 0},/p'\'' -e '\''s/^[ABCDGIRSTW]* \([^ ]*\) \([^ ]*\)$/  {"\2", (void *) \&\2},/p'\'''
lt_cv_sys_global_symbol_to_c_name_address_lib_prefix='sed -n -e '\''s/^: \([^ ]*\)[ ]*$/  {\"\1\", (void *) 0},/p'\'' -e '\''s/^[ABCDGIRSTW]* \([^ ]*\) \(lib[^ ]*\)$/  {"\2", (void *) \&\2},/p'\'' -e '\''s/^[ABCDGIRSTW]* \([^ ]*\) \([^ ]*\)$/  {"lib\2", (void *) \&\2},/p'\'''
lt_cv_sys_global_symbol_to_cdecl='sed -n -e '\''s/^T .* \(.*\)$/extern int \1();/p'\'' -e '\''s/^[ABCDGIRSTW]* .* \(.*\)$/extern char \1;/p'\'''
lt_cv_sys_max_cmd_len=1572864
lt_cv_to_host_file_cmd=func_convert_file_noop
lt_cv_to_tool_file_cmd=func_convert_file_noop
pkg_cv_CLUTTER_CFLAGS='-pthread -I/usr/local/include -I/usr/include/pango-1.0 -I/usr/include/harfbuzz -I/usr/include/cairo -I/usr/include/atk-1.0 -I/usr/include/pango-1.0 -I/usr/include/cairo -I/usr/include/pixman-1 -I/usr/include/freetype2 -I/usr/include/libpng12 -I/usr/include/gdk-pixbuf-2.0 -I/usr/include/libpng12 -I/usr/include/libdrm -I/usr/include/json-glib-1.0 -I/usr/include/glib-2.0 -I/usr/lib/arm-linux-gnueabihf/glib-2.0/include -I/usr/include/clutter-1.0 -I/usr/include/cogl '
pkg_cv_CLUTTER_LIBS='-lclutter-1.0 -lcogl-path -lcairo-gobject -latk-1.0 -lpangocairo-1.0 -lpango-1.0 -lcogl-pango -lcogl -lcairo -lgmodule-2.0 -pthread -lgdk_pixbuf-2.0 -lwayland-egl -lwayland-client -lEGL -lXrandr -ljson-glib-1.0 -lgio-2.0 -lgobject-2.0 -lglib-2.0 -lX11 -lXext -lXdamage -lXfixes -lXcomposite -lXi '
pkg_cv_GTK_CFLAGS='-pthread -I/usr/include/gtk-2.0 -I/usr/lib/arm-linux-gnueabihf/gtk-2.0/include -I/usr/include/gio-unix-2.0/ -I/usr/include/cairo -I/usr/include/pango-1.0 -I/usr/include/atk-1.0 -I/usr/include/cairo -I/usr/include/pixman-1 -I/usr/include/libpng12 -I/usr/include/gdk-pixbuf-2.0 -I/usr/include/libpng12 -I/usr/include/pango-1.0 -I/usr/include/harfbuzz -I/usr/include/pango-1.0 -I/usr/include/glib-2.0 -I/usr/lib/arm-linux-gnueabihf/glib-2.0/include -I/usr/include/freetype2 '
pkg_cv_GTK_LIBS='-lgtk-x11-2.0 -lgdk-x11-2.0 -lpangocairo-1.0 -latk-1.0 -lcairo -lgdk_pixbuf-2.0 -lgio-2.0 -lpangoft2-1.0 -lpango-1.0 -lgobject-2.0 -lglib-2.0 -lfontconfig -lfreetype '

## ----------------- ##
## Output variables. ##
## ----------------- ##

ACLOCAL='${SHELL} /home/opibak/-/bld/-/clutter-gtk-clutter-gtk-0.12/build/missing aclocal-1.14'
ALL_LINGUAS=''
AMDEPBACKSLASH='\'
AMDEP_FALSE='#'
AMDEP_TRUE=''
AMTAR='$${TAR-tar}'
AM_BACKSLASH='\'
AM_DEFAULT_V='$(AM_DEFAULT_VERBOSITY)'
AM_DEFAULT_VERBOSITY='0'
AM_V='$(V)'
AR='ar'
AUTOCONF='${SHELL} /home/opibak/-/bld/-/clutter-gtk-clutter-gtk-0.12/build/missing autoconf'
AUTOHEADER='${SHELL} /home/opibak/-/bld/-/clutter-gtk-clutter-gtk-0.12/build/missing autoheader'
AUTOMAKE='${SHELL} /home/opibak/-/bld/-/clutter-gtk-clutter-gtk-0.12/build/missing automake-1.14'
AWK='gawk'
CC='gcc'
CCDEPMODE='depmode=gcc3'
CFLAGS='-g -O2 -g'
CLUTTER_CFLAGS='-pthread -I/usr/local/include -I/usr/include/pango-1.0 -I/usr/include/harfbuzz -I/usr/include/cairo -I/usr/include/atk-1.0 -I/usr/include/pango-1.0 -I/usr/include/cairo -I/usr/include/pixman-1 -I/usr/include/freetype2 -I/usr/include/libpng12 -I/usr/include/gdk-pixbuf-2.0 -I/usr/include/libpng12 -I/usr/include/libdrm -I/usr/include/json-glib-1.0 -I/usr/include/glib-2.0 -I/usr/lib/arm-linux-gnueabihf/glib-2.0/include -I/usr/include/clutter-1.0 -I/usr/include/cogl '
CLUTTER_GTK_API_VERSION='0.12'
CLUTTER_GTK_API_VERSION_AM='0_12'
CLUTTER_GTK_DEBUG_CFLAGS='-DCLUTTER_GTK_ENABLE_DEBUG'
CLUTTER_GTK_FLAVOUR='x11'
CLUTTER_GTK_LT_LDFLAGS='-version-info 1103:0:1103'
CLUTTER_GTK_LT_VERSION='1103:0:1103'
CLUTTER_GTK_MAJOR_VERSION='0'
CLUTTER_GTK_MICRO_VERSION='3'
CLUTTER_GTK_MINOR_VERSION='11'
CLUTTER_GTK_RELEASE_STATUS='git'
CLUTTER_GTK_REQUIRES='clutter-x11-1.0 gtk+-2.0'
CLUTTER_GTK_VERSION='0.11.3'
CLUTTER_LIBS='-lclutter-1.0 -lcogl-path -lcairo-gobject -latk-1.0 -lpangocairo-1.0 -lpango-1.0 -lcogl-pango -lcogl -lcairo -lgmodule-2.0 -pthread -lgdk_pixbuf-2.0 -lwayland-egl -lwayland-client -lEGL -lXrandr -ljson-glib-1.0 -lgio-2.0 -lgobject-2.0 -lglib-2.0 -lX11 -lXext -lXdamage -lXfixes -lXcomposite -lXi '
CLUTTER_PREFIX='/usr'
CPP='gcc -E'
CPPFLAGS=''
CYGPATH_W='echo'
DEFS='-DHAVE_CONFIG_H'
DEPDIR='.deps'
DLLTOOL='false'
DSYMUTIL=''
DUMPBIN=''
ECHO_C=''
ECHO_N='-n'
ECHO_T=''
EGREP='/bin/grep -E'
EXEEXT=''
FGREP='/bin/grep -F'
GDK_PIXBUF_PREFIX='/usr'
GDK_PREFIX='/usr'
GETTEXT_MACRO_VERSION='0.18'
GETTEXT_PACKAGE='cluttergtk-0.12'
GMSGFMT='/usr/bin/msgfmt'
GMSGFMT_015='/usr/bin/msgfmt'
GREP='/bin/grep'
GTK_CFLAGS='-pthread -I/usr/include/gtk-2.0 -I/usr/lib/arm-linux-gnueabihf/gtk-2.0/include -I/usr/include/gio-unix-2.0/ -I/usr/include/cairo -I/usr/include/pango-1.0 -I/usr/include/atk-1.0 -I/usr/include/cairo -I/usr/include/pixman-1 -I/usr/include/libpng12 -I/usr/include/gdk-pixbuf-2.0 -I/usr/include/libpng12 -I/usr/include/pango-1.0 -I/usr/include/harfbuzz -I/usr/include/pango-1.0 -I/usr/include/glib-2.0 -I/usr/lib/arm-linux-gnueabihf/glib-2.0/include -I/usr/include/freetype2 '
GTK_LIBS='-lgtk-x11-2.0 -lgdk-x11-2.0 -lpangocairo-1.0 -latk-1.0 -lcairo -lgdk_pixbuf-2.0 -lgio-2.0 -lpangoft2-1.0 -lpango-1.0 -lgobject-2.0 -lglib-2.0 -lfontconfig -lfreetype '
GTK_PREFIX='/usr'
G_PREFIX='/usr'
HAVE_INTROSPECTION_FALSE='#'
HAVE_INTROSPECTION_TRUE=''
INSTALL_DATA='${INSTALL} -m 644'
INSTALL_PROGRAM='${INSTALL}'
INSTALL_SCRIPT='${INSTALL}'
INSTALL_STRIP_PROGRAM='$(install_sh) -c -s'
INTLLIBS=''
INTL_MACOSX_LIBS=''
INTROSPECTION_CFLAGS='-pthread -I/usr/include/gobject-introspection-1.0 -I/usr/include/glib-2.0 -I/usr/lib/arm-linux-gnueabihf/glib-2.0/include '
INTROSPECTION_COMPILER='/usr/bin/g-ir-compiler'
INTROSPECTION_GENERATE='/usr/bin/g-ir-generate'
INTROSPECTION_GIRDIR='/usr/share/gir-1.0'
INTROSPECTION_LIBS='-lgirepository-1.0 -lgobject-2.0 -lglib-2.0 '
INTROSPECTION_MAKEFILE='/usr/share/gobject-introspection-1.0/Makefile.introspection'
INTROSPECTION_SCANNER='/usr/bin/g-ir-scanner'
INTROSPECTION_TYPELIBDIR='/usr/lib/arm-linux-gnueabihf/girepository-1.0'
LD='/usr/bin/ld'
LDFLAGS=''
LIBICONV='-liconv'
LIBINTL=''
LIBOBJS=''
LIBS=''
LIBTOOL='$(SHELL) $(top_builddir)/libtool'
LIPO=''
LN_S='cp -pR'
LTLIBICONV='-liconv'
LTLIBINTL=''
LTLIBOBJS=''
MAINTAINER_CFLAGS='  -Wall -Wshadow -Wcast-align -Wuninitialized -Wno-strict-aliasing -Wempty-body -Wformat -Wformat-security -Winit-self'
MAKEINFO='${SHELL} /home/opibak/-/bld/-/clutter-gtk-clutter-gtk-0.12/build/missing makeinfo'
MANIFEST_TOOL=':'
MKDIR_P='/bin/mkdir -p'
MSGFMT='/usr/bin/msgfmt'
MSGFMT_015='/usr/bin/msgfmt'
MSGMERGE='/usr/bin/msgmerge'
NM='/usr/bin/nm -B'
NMEDIT=''
OBJDUMP='objdump'
OBJEXT='o'
OTOOL64=''
OTOOL=''
PACKAGE='clutter-gtk'
PACKAGE_BUGREPORT='http://bugzilla.clutter-project.org/enter_bug.cgi?product=clutter-gtk'
PACKAGE_NAME='clutter-gtk'
PACKAGE_STRING='clutter-gtk 0.11.3'
PACKAGE_TARNAME='clutter-gtk'
PACKAGE_URL='http://www.clutter-project.org'
PACKAGE_VERSION='0.11.3'
PATH_SEPARATOR=':'
PKG_CONFIG='/usr/bin/pkg-config'
PKG_CONFIG_LIBDIR=''
PKG_CONFIG_PATH=''
POSUB='po'
RANLIB='ranlib'
SED='/bin/sed'
SET_MAKE=''
SHELL='/bin/bash'
STRIP='strip'
USE_NLS='yes'
VERSION='0.11.3'
XGETTEXT='/usr/bin/xgettext'
XGETTEXT_015='/usr/bin/xgettext'
XGETTEXT_EXTRA_OPTIONS=''
ac_ct_AR='ar'
ac_ct_CC='gcc'
ac_ct_DUMPBIN=''
am__EXEEXT_FALSE=''
am__EXEEXT_TRUE='#'
am__fastdepCC_FALSE='#'
am__fastdepCC_TRUE=''
am__include='include'
am__isrc=''
am__leading_dot='.'
am__nodep='_no'
am__quote=''
am__tar='$${TAR-tar} chof - "$$tardir"'
am__untar='$${TAR-tar} xf -'
bindir='${exec_prefix}/bin'
build='armv7l-unknown-linux-gnueabihf'
build_alias=''
build_cpu='armv7l'
build_os='linux-gnueabihf'
build_vendor='unknown'
datadir='${datarootdir}'
datarootdir='${prefix}/share'
docdir='${datarootdir}/doc/${PACKAGE_TARNAME}'
dvidir='${docdir}'
exec_prefix='${prefix}'
host='armv7l-unknown-linux-gnueabihf'
host_alias=''
host_cpu='armv7l'
host_os='linux-gnueabihf'
host_vendor='unknown'
htmldir='${docdir}'
includedir='${prefix}/include'
infodir='${datarootdir}/info'
install_sh='${SHELL} /home/opibak/-/bld/-/clutter-gtk-clutter-gtk-0.12/build/install-sh'
libdir='${exec_prefix}/lib'
libexecdir='${exec_prefix}/libexec'
localedir='${datarootdir}/locale'
localstatedir='${prefix}/var'
mandir='${datarootdir}/man'
mkdir_p='/bin/mkdir -p'
oldincludedir='/usr/include'
pdfdir='${docdir}'
prefix='/usr'
program_transform_name='s,x,x,'
psdir='${docdir}'
sbindir='${exec_prefix}/sbin'
sharedstatedir='${prefix}/com'
sysconfdir='${prefix}/etc'
target_alias=''

## ----------- ##
## confdefs.h. ##
## ----------- ##

/* confdefs.h */
#define PACKAGE_NAME "clutter-gtk"
#define PACKAGE_TARNAME "clutter-gtk"
#define PACKAGE_VERSION "0.11.3"
#define PACKAGE_STRING "clutter-gtk 0.11.3"
#define PACKAGE_BUGREPORT "http://bugzilla.clutter-project.org/enter_bug.cgi?product=clutter-gtk"
#define PACKAGE_URL "http://www.clutter-project.org"
#define STDC_HEADERS 1
#define HAVE_SYS_TYPES_H 1
#define HAVE_SYS_STAT_H 1
#define HAVE_STDLIB_H 1
#define HAVE_STRING_H 1
#define HAVE_MEMORY_H 1
#define HAVE_STRINGS_H 1
#define HAVE_INTTYPES_H 1
#define HAVE_STDINT_H 1
#define HAVE_UNISTD_H 1
#define HAVE_DLFCN_H 1
#define LT_OBJDIR ".libs/"
#define STDC_HEADERS 1
#define HAVE_CLUTTER_GTK_X11 1
#define ENABLE_NLS 1
#define HAVE_GETTEXT 1
#define HAVE_DCGETTEXT 1
#define GETTEXT_PACKAGE "cluttergtk-0.12"

configure: exit 0
